[    0.000000] Initializing cgroup subsys cpuset
[    0.000000] Initializing cgroup subsys cpu
[    0.000000] Initializing cgroup subsys cpuacct
[    0.000000] Linux version 4.4.0-186-generic (buildd@lcy01-amd64-002) (gcc version 5.4.0 20160609 (Ubuntu 5.4.0-6ubuntu1~16.04.12) ) #216-Ubuntu SMP Wed Jul 1 05:34:05 UTC 2020 (Ubuntu 4.4.0-186.216-generic 4.4.228)
[    0.000000] Command line: BOOT_IMAGE=/boot/vmlinuz-4.4.0-186-generic root=LABEL=cloudimg-rootfs ro console=tty1 console=ttyS0
[    0.000000] KERNEL supported cpus:
[    0.000000]   Intel GenuineIntel
[    0.000000]   AMD AuthenticAMD
[    0.000000]   Centaur CentaurHauls
[    0.000000] [Firmware Bug]: TSC doesn't count with P0 frequency!
[    0.000000] x86/fpu: xstate_offset[2]:  576, xstate_sizes[2]:  256
[    0.000000] x86/fpu: Supporting XSAVE feature 0x01: 'x87 floating point registers'
[    0.000000] x86/fpu: Supporting XSAVE feature 0x02: 'SSE registers'
[    0.000000] x86/fpu: Supporting XSAVE feature 0x04: 'AVX registers'
[    0.000000] x86/fpu: Enabled xstate features 0x7, context size is 832 bytes, using 'standard' format.
[    0.000000] e820: BIOS-provided physical RAM map:
[    0.000000] BIOS-e820: [mem 0x0000000000000000-0x000000000009fbff] usable
[    0.000000] BIOS-e820: [mem 0x000000000009fc00-0x000000000009ffff] reserved
[    0.000000] BIOS-e820: [mem 0x00000000000f0000-0x00000000000fffff] reserved
[    0.000000] BIOS-e820: [mem 0x0000000000100000-0x000000003ffeffff] usable
[    0.000000] BIOS-e820: [mem 0x000000003fff0000-0x000000003fffffff] ACPI data
[    0.000000] BIOS-e820: [mem 0x00000000fec00000-0x00000000fec00fff] reserved
[    0.000000] BIOS-e820: [mem 0x00000000fee00000-0x00000000fee00fff] reserved
[    0.000000] BIOS-e820: [mem 0x00000000fffc0000-0x00000000ffffffff] reserved
[    0.000000] NX (Execute Disable) protection: active
[    0.000000] SMBIOS 2.5 present.
[    0.000000] Hypervisor detected: KVM
[    0.000000] Kernel/User page tables isolation: disabled
[    0.000000] e820: last_pfn = 0x3fff0 max_arch_pfn = 0x400000000
[    0.000000] MTRR: Disabled
[    0.000000] x86/PAT: MTRRs disabled, skipping PAT initialization too.
[    0.000000] CPU MTRRs all blank - virtualized system.
[    0.000000] x86/PAT: Configuration [0-7]: WB  WT  UC- UC  WB  WT  UC- UC  
[    0.000000] found SMP MP-table at [mem 0x0009fff0-0x0009ffff] mapped at [ffff88000009fff0]
[    0.000000] Scanning 1 areas for low memory corruption
[    0.000000] RAMDISK: [mem 0x362e0000-0x37167fff]
[    0.000000] ACPI: Early table checksum verification disabled
[    0.000000] ACPI: RSDP 0x00000000000E0000 000024 (v02 VBOX  )
[    0.000000] ACPI: XSDT 0x000000003FFF0030 00003C (v01 VBOX   VBOXXSDT 00000001 ASL  00000061)
[    0.000000] ACPI: FACP 0x000000003FFF00F0 0000F4 (v04 VBOX   VBOXFACP 00000001 ASL  00000061)
[    0.000000] ACPI: DSDT 0x000000003FFF0470 002325 (v02 VBOX   VBOXBIOS 00000002 INTL 20100528)
[    0.000000] ACPI: FACS 0x000000003FFF0200 000040
[    0.000000] ACPI: FACS 0x000000003FFF0200 000040
[    0.000000] ACPI: APIC 0x000000003FFF0240 00005C (v02 VBOX   VBOXAPIC 00000001 ASL  00000061)
[    0.000000] ACPI: SSDT 0x000000003FFF02A0 0001CC (v01 VBOX   VBOXCPUT 00000002 INTL 20100528)
[    0.000000] No NUMA configuration found
[    0.000000] Faking a node at [mem 0x0000000000000000-0x000000003ffeffff]
[    0.000000] NODE_DATA(0) allocated [mem 0x3ffeb000-0x3ffeffff]
[    0.000000] kvm-clock: Using msrs 4b564d01 and 4b564d00
[    0.000000] kvm-clock: cpu 0, msr 0:3ffe3001, primary cpu clock
[    0.000000] kvm-clock: using sched offset of 3217555727 cycles
[    0.000000] clocksource: kvm-clock: mask: 0xffffffffffffffff max_cycles: 0x1cd42e4dffb, max_idle_ns: 881590591483 ns
[    0.000000] Zone ranges:
[    0.000000]   DMA      [mem 0x0000000000001000-0x0000000000ffffff]
[    0.000000]   DMA32    [mem 0x0000000001000000-0x000000003ffeffff]
[    0.000000]   Normal   empty
[    0.000000]   Device   empty
[    0.000000] Movable zone start for each node
[    0.000000] Early memory node ranges
[    0.000000]   node   0: [mem 0x0000000000001000-0x000000000009efff]
[    0.000000]   node   0: [mem 0x0000000000100000-0x000000003ffeffff]
[    0.000000] Initmem setup node 0 [mem 0x0000000000001000-0x000000003ffeffff]
[    0.000000] ACPI: PM-Timer IO Port: 0x4008
[    0.000000] IOAPIC[0]: apic_id 2, version 32, address 0xfec00000, GSI 0-23
[    0.000000] ACPI: INT_SRC_OVR (bus 0 bus_irq 0 global_irq 2 dfl dfl)
[    0.000000] ACPI: INT_SRC_OVR (bus 0 bus_irq 9 global_irq 9 low level)
[    0.000000] Using ACPI (MADT) for SMP configuration information
[    0.000000] smpboot: Allowing 2 CPUs, 0 hotplug CPUs
[    0.000000] PM: Registered nosave memory: [mem 0x00000000-0x00000fff]
[    0.000000] PM: Registered nosave memory: [mem 0x0009f000-0x0009ffff]
[    0.000000] PM: Registered nosave memory: [mem 0x000a0000-0x000effff]
[    0.000000] PM: Registered nosave memory: [mem 0x000f0000-0x000fffff]
[    0.000000] e820: [mem 0x40000000-0xfebfffff] available for PCI devices
[    0.000000] Booting paravirtualized kernel on KVM
[    0.000000] clocksource: refined-jiffies: mask: 0xffffffff max_cycles: 0xffffffff, max_idle_ns: 7645519600211568 ns
[    0.000000] setup_percpu: NR_CPUS:512 nr_cpumask_bits:512 nr_cpu_ids:2 nr_node_ids:1
[    0.000000] PERCPU: Embedded 33 pages/cpu @ffff88003fc00000 s95512 r8192 d31464 u1048576
[    0.000000] Built 1 zonelists in Node order, mobility grouping on.  Total pages: 257912
[    0.000000] Policy zone: DMA32
[    0.000000] Kernel command line: BOOT_IMAGE=/boot/vmlinuz-4.4.0-186-generic root=LABEL=cloudimg-rootfs ro console=tty1 console=ttyS0
[    0.000000] PID hash table entries: 4096 (order: 3, 32768 bytes)
[    0.000000] Memory: 997664K/1048120K available (8636K kernel code, 1337K rwdata, 4040K rodata, 1492K init, 1296K bss, 50456K reserved, 0K cma-reserved)
[    0.000000] SLUB: HWalign=64, Order=0-3, MinObjects=0, CPUs=2, Nodes=1
[    0.000000] Hierarchical RCU implementation.
[    0.000000] 	Build-time adjustment of leaf fanout to 64.
[    0.000000] 	RCU restricting CPUs from NR_CPUS=512 to nr_cpu_ids=2.
[    0.000000] RCU: Adjusting geometry for rcu_fanout_leaf=64, nr_cpu_ids=2
[    0.000000] NR_IRQS:33024 nr_irqs:440 16
[    0.000000] Console: colour VGA+ 80x25
[    0.000000] console [tty1] enabled
[    0.000000] console [ttyS0] enabled
[    0.000000] tsc: Detected 2994.372 MHz processor
[    0.106381] Calibrating delay loop (skipped) preset value.. 5988.74 BogoMIPS (lpj=11977488)
[    0.107678] pid_max: default: 32768 minimum: 301
[    0.108331] ACPI: Core revision 20150930
[    0.109621] ACPI: 2 ACPI AML tables successfully acquired and loaded
[    0.110735] Security Framework initialized
[    0.111328] Yama: becoming mindful.
[    0.111883] AppArmor: AppArmor initialized
[    0.112528] Dentry cache hash table entries: 131072 (order: 8, 1048576 bytes)
[    0.113541] Inode-cache hash table entries: 65536 (order: 7, 524288 bytes)
[    0.115313] Mount-cache hash table entries: 2048 (order: 2, 16384 bytes)
[    0.116299] Mountpoint-cache hash table entries: 2048 (order: 2, 16384 bytes)
[    0.117395] Initializing cgroup subsys io
[    0.118026] Initializing cgroup subsys memory
[    0.118655] Initializing cgroup subsys devices
[    0.119318] Initializing cgroup subsys freezer
[    0.119968] Initializing cgroup subsys net_cls
[    0.120614] Initializing cgroup subsys perf_event
[    0.121279] Initializing cgroup subsys net_prio
[    0.121949] Initializing cgroup subsys hugetlb
[    0.122605] Initializing cgroup subsys pids
[    0.130579] mce: CPU supports 0 MCE banks
[    0.131220] Last level iTLB entries: 4KB 1024, 2MB 1024, 4MB 512
[    0.131990] Last level dTLB entries: 4KB 2048, 2MB 2048, 4MB 1024, 1GB 0
[    0.133041] Spectre V1 : Mitigation: usercopy/swapgs barriers and __user pointer sanitization
[    0.134264] Spectre V2 : Spectre mitigation: LFENCE not serializing, switching to generic retpoline
[    0.135520] Spectre V2 : Mitigation: Full generic retpoline
[    0.136315] Spectre V2 : Spectre v2 / SpectreRSB mitigation: Filling RSB on context switch
[    0.137590] Speculative Store Bypass: Mitigation: Speculative Store Bypass disabled via prctl and seccomp
[    0.140911] Freeing SMP alternatives memory: 36K
[    0.146337] ftrace: allocating 32334 entries in 127 pages
[    0.195561] smpboot: APIC(0) Converting physical 0 to logical package 0
[    0.196493] smpboot: Max logical packages: 1
[    0.197333] x2apic enabled
[    0.198024] Switched APIC routing to physical x2apic.
[    0.199633] ..TIMER: vector=0x30 apic1=0 pin1=2 apic2=-1 pin2=-1
[    0.308574] smpboot: CPU0: AMD Ryzen 5 4600H with Radeon Graphics (family: 0x17, model: 0x60, stepping: 0x1)
[    0.310197] Performance Events: Broken PMU hardware detected, using software events only.
[    0.311471] Failed to access perfctr msr (MSR c0010007 is 0)
[    0.317776] KVM setup paravirtual spinlock
[    0.319181] x86: Booting SMP configuration:
[    0.319986] .... node  #0, CPUs:      #1
[    0.320676] kvm-clock: cpu 1, msr 0:3ffe3041, secondary cpu clock
[    0.328424] mce: CPU supports 0 MCE banks
[    0.330848] x86: Booted up 1 node, 2 CPUs
[    0.331680] smpboot: Total of 2 processors activated (11977.48 BogoMIPS)
[    0.332982] devtmpfs: initialized
[    0.335046] evm: security.selinux
[    0.335637] evm: security.SMACK64
[    0.336167] evm: security.SMACK64EXEC
[    0.336727] evm: security.SMACK64TRANSMUTE
[    0.337384] evm: security.SMACK64MMAP
[    0.337968] evm: security.ima
[    0.338468] evm: security.capability
[    0.339922] clocksource: jiffies: mask: 0xffffffff max_cycles: 0xffffffff, max_idle_ns: 7645041785100000 ns
[    0.341448] futex hash table entries: 512 (order: 3, 32768 bytes)
[    0.342526] pinctrl core: initialized pinctrl subsystem
[    0.343364] RTC time: 15:23:25, date: 08/04/20
[    0.344272] NET: Registered protocol family 16
[    0.355099] cpuidle: using governor ladder
[    0.366855] cpuidle: using governor menu
[    0.367495] PCCT header not found.
[    0.368388] ACPI: bus type PCI registered
[    0.369031] acpiphp: ACPI Hot Plug PCI Controller Driver version: 0.5
[    0.370034] PCI: Using configuration type 1 for base access
[    0.370836] PCI: Using configuration type 1 for extended access
[    0.381532] ACPI: Added _OSI(Module Device)
[    0.382263] ACPI: Added _OSI(Processor Device)
[    0.382932] ACPI: Added _OSI(3.0 _SCP Extensions)
[    0.383642] ACPI: Added _OSI(Processor Aggregator Device)
[    0.384819] ACPI: Executed 1 blocks of module-level executable AML code
[    0.387085] ACPI: Interpreter enabled
[    0.387691] ACPI: (supports S0 S5)
[    0.388212] ACPI: Using IOAPIC for interrupt routing
[    0.389041] PCI: Using host bridge windows from ACPI; if necessary, use "pci=nocrs" and report a bug
[    0.392620] ACPI: PCI Root Bridge [PCI0] (domain 0000 [bus 00-ff])
[    0.393521] acpi PNP0A03:00: _OSC: OS supports [ExtendedConfig ASPM ClockPM Segments MSI]
[    0.395075] acpi PNP0A03:00: _OSC: platform does not support [PCIeCapability]
[    0.396215] acpi PNP0A03:00: _OSC: not requesting control; platform does not support [PCIeCapability]
[    0.397474] acpi PNP0A03:00: _OSC: OS requested [PCIeHotplug PME AER PCIeCapability]
[    0.398605] acpi PNP0A03:00: _OSC: platform willing to grant [PCIeHotplug PME AER]
[    0.399804] acpi PNP0A03:00: _OSC failed (AE_SUPPORT); disabling ASPM
[    0.400995] PCI host bridge to bus 0000:00
[    0.401611] pci_bus 0000:00: root bus resource [io  0x0000-0x0cf7 window]
[    0.409311] pci_bus 0000:00: root bus resource [io  0x0d00-0xffff window]
[    0.410247] pci_bus 0000:00: root bus resource [mem 0x000a0000-0x000bffff window]
[    0.411370] pci_bus 0000:00: root bus resource [mem 0x40000000-0xfdffffff window]
[    0.412489] pci_bus 0000:00: root bus resource [bus 00-ff]
[    0.414857] pci 0000:00:01.1: legacy IDE quirk: reg 0x10: [io  0x01f0-0x01f7]
[    0.415861] pci 0000:00:01.1: legacy IDE quirk: reg 0x14: [io  0x03f6]
[    0.416763] pci 0000:00:01.1: legacy IDE quirk: reg 0x18: [io  0x0170-0x0177]
[    0.417743] pci 0000:00:01.1: legacy IDE quirk: reg 0x1c: [io  0x0376]
[    0.432351] pci 0000:00:07.0: quirk: [io  0x4000-0x403f] claimed by PIIX4 ACPI
[    0.433504] pci 0000:00:07.0: quirk: [io  0x4100-0x410f] claimed by PIIX4 SMB
[    0.444377] ACPI: PCI Interrupt Link [LNKA] (IRQs 5 9 10 *11)
[    0.445623] ACPI: PCI Interrupt Link [LNKB] (IRQs 5 9 *10 11)
[    0.446733] ACPI: PCI Interrupt Link [LNKC] (IRQs 5 *9 10 11)
[    0.448024] ACPI: PCI Interrupt Link [LNKD] (IRQs 5 9 10 *11)
[    0.449185] ACPI: Enabled 2 GPEs in block 00 to 07
[    0.450204] vgaarb: setting as boot device: PCI:0000:00:02.0
[    0.451548] vgaarb: device added: PCI:0000:00:02.0,decodes=io+mem,owns=io+mem,locks=none
[    0.452707] vgaarb: loaded
[    0.453235] vgaarb: bridge control possible 0000:00:02.0
[    0.454202] SCSI subsystem initialized
[    0.454858] ACPI: bus type USB registered
[    0.455468] usbcore: registered new interface driver usbfs
[    0.456252] usbcore: registered new interface driver hub
[    0.457024] usbcore: registered new device driver usb
[    0.457867] PCI: Using ACPI for IRQ routing
[    0.458736] NetLabel: Initializing
[    0.459277] NetLabel:  domain hash size = 128
[    0.459967] NetLabel:  protocols = UNLABELED CIPSOv4
[    0.460671] NetLabel:  unlabeled traffic allowed by default
[    0.461553] amd_nb: Cannot enumerate AMD northbridges
[    0.462287] clocksource: Switched to clocksource kvm-clock
[    0.468840] AppArmor: AppArmor Filesystem Enabled
[    0.469647] pnp: PnP ACPI init
[    0.470692] pnp: PnP ACPI: found 3 devices
[    0.478951] clocksource: acpi_pm: mask: 0xffffff max_cycles: 0xffffff, max_idle_ns: 2085701024 ns
[    0.480293] NET: Registered protocol family 2
[    0.481111] TCP established hash table entries: 8192 (order: 4, 65536 bytes)
[    0.482164] TCP bind hash table entries: 8192 (order: 5, 131072 bytes)
[    0.483043] TCP: Hash tables configured (established 8192 bind 8192)
[    0.485202] UDP hash table entries: 512 (order: 2, 16384 bytes)
[    0.486133] UDP-Lite hash table entries: 512 (order: 2, 16384 bytes)
[    0.486998] NET: Registered protocol family 1
[    0.487624] pci 0000:00:00.0: Limiting direct PCI/PCI transfers
[    0.488410] pci 0000:00:01.0: Activating ISA DMA hang workarounds
[    0.489375] Unpacking initramfs...
[    0.676028] Freeing initrd memory: 14880K
[    0.676810] clocksource: tsc: mask: 0xffffffffffffffff max_cycles: 0x2b29812ce43, max_idle_ns: 440795323173 ns
[    0.678250] platform rtc_cmos: registered platform RTC device (no PNP device found)
[    0.679359] Scanning for low memory corruption every 60 seconds
[    0.681164] audit: initializing netlink subsys (disabled)
[    0.682049] audit: type=2000 audit(1596554610.534:1): initialized
[    0.683133] Initialise system trusted keyring
[    0.683916] HugeTLB registered 2 MB page size, pre-allocated 0 pages
[    0.685499] zbud: loaded
[    0.686310] VFS: Disk quotas dquot_6.6.0
[    0.686919] VFS: Dquot-cache hash table entries: 512 (order 0, 4096 bytes)
[    0.687982] squashfs: version 4.0 (2009/01/31) Phillip Lougher
[    0.689806] fuse init (API version 7.23)
[    0.690656] Key type big_key registered
[    0.691258] Allocating IMA MOK and blacklist keyrings.
[    0.693098] Key type asymmetric registered
[    0.693717] Asymmetric key parser 'x509' registered
[    0.694450] Block layer SCSI generic (bsg) driver version 0.4 loaded (major 249)
[    0.695610] io scheduler noop registered
[    0.696208] io scheduler deadline registered (default)
[    0.696937] io scheduler cfq registered
[    0.697629] pci_hotplug: PCI Hot Plug PCI Core version: 0.5
[    0.698391] pciehp: PCI Express Hot Plug Controller Driver version: 0.4
[    0.699392] ACPI: AC Adapter [AC] (on-line)
[    0.700080] input: Power Button as /devices/LNXSYSTM:00/LNXPWRBN:00/input/input0
[    0.701209] ACPI: Power Button [PWRF]
[    0.701900] input: Sleep Button as /devices/LNXSYSTM:00/LNXSLPBN:00/input/input1
[    0.703090] ACPI: Sleep Button [SLPF]
[    0.703810] GHES: HEST is not enabled!
[    0.704223] ACPI: Battery Slot [BAT0] (battery present)
[    0.705290] Serial: 8250/16550 driver, 32 ports, IRQ sharing enabled
[    0.726565] 00:02: ttyS0 at I/O 0x3f8 (irq = 4, base_baud = 115200) is a 16550A
[    0.729169] Linux agpgart interface v0.103
[    0.731905] loop: module loaded
[    0.732928] scsi host0: ata_piix
[    0.733680] scsi host1: ata_piix
[    0.734252] ata1: PATA max UDMA/33 cmd 0x1f0 ctl 0x3f6 bmdma 0xd000 irq 14
[    0.735225] ata2: PATA max UDMA/33 cmd 0x170 ctl 0x376 bmdma 0xd008 irq 15
[    0.736530] libphy: Fixed MDIO Bus: probed
[    0.737152] tun: Universal TUN/TAP device driver, 1.6
[    0.737855] tun: (C) 1999-2004 Max Krasnyansky <maxk@qualcomm.com>
[    0.738837] PPP generic driver version 2.4.2
[    0.739609] ehci_hcd: USB 2.0 'Enhanced' Host Controller (EHCI) Driver
[    0.740491] ehci-pci: EHCI PCI platform driver
[    0.741214] ehci-platform: EHCI generic platform driver
[    0.741992] ohci_hcd: USB 1.1 'Open' Host Controller (OHCI) Driver
[    0.742956] ohci-pci: OHCI PCI platform driver
[    0.743597] ohci-platform: OHCI generic platform driver
[    0.744324] uhci_hcd: USB Universal Host Controller Interface driver
[    0.745189] i8042: PNP: PS/2 Controller [PNP0303:PS2K,PNP0f03:PS2M] at 0x60,0x64 irq 1,12
[    0.746813] serio: i8042 KBD port at 0x60,0x64 irq 1
[    0.747568] serio: i8042 AUX port at 0x60,0x64 irq 12
[    0.748556] mousedev: PS/2 mouse device common for all mice
[    0.749948] input: AT Translated Set 2 keyboard as /devices/platform/i8042/serio0/input/input2
[    0.751208] rtc_cmos rtc_cmos: rtc core: registered rtc_cmos as rtc0
[    0.752126] rtc_cmos rtc_cmos: alarms up to one day, 114 bytes nvram
[    0.753084] i2c /dev entries driver
[    0.753708] device-mapper: uevent: version 1.0.3
[    0.754529] device-mapper: ioctl: 4.34.0-ioctl (2015-10-28) initialised: dm-devel@redhat.com
[    0.755747] ledtrig-cpu: registered to indicate activity on CPUs
[    0.757002] NET: Registered protocol family 10
[    0.758482] NET: Registered protocol family 17
[    0.759192] Key type dns_resolver registered
[    0.760099] registered taskstats version 1
[    0.760724] Loading compiled-in X.509 certificates
[    0.761784] Loaded X.509 cert 'Build time autogenerated kernel key: cef5e81496c0efa51b848ab539e845ddf31c08be'
[    0.763343] zswap: loaded using pool lzo/zbud
[    0.765243] Key type trusted registered
[    0.768192] Key type encrypted registered
[    0.768852] AppArmor: AppArmor sha1 policy hashing enabled
[    0.769650] ima: No TPM chip found, activating TPM-bypass!
[    0.770461] ima: Allocated hash algorithm: sha1
[    0.771154] evm: HMAC attrs: 0x1
[    0.771993]   Magic number: 0:725:385
[    0.772564] thermal cooling_device0: hash matches
[    0.793789] rtc_cmos rtc_cmos: setting system clock to 2020-08-04 15:23:26 UTC (1596554606)
[    0.795192] BIOS EDD facility v0.16 2004-Jun-25, 0 devices found
[    0.796045] EDD information not available.
[    0.914058] Freeing unused kernel memory: 1492K
[    0.914771] Write protecting the kernel read-only data: 14336k
[    0.916221] Freeing unused kernel memory: 1592K
[    0.917117] Freeing unused kernel memory: 56K
Loading, please wait...
starting version 229
[    0.928521] random: udevadm: uninitialized urandom read (16 bytes read, 3 bits of entropy available)
[    0.928585] random: systemd-udevd: uninitialized urandom read (16 bytes read, 3 bits of entropy available)
[    0.928675] random: systemd-udevd: uninitialized urandom read (16 bytes read, 3 bits of entropy available)
[    0.928698] random: systemd-udevd: uninitialized urandom read (16 bytes read, 3 bits of entropy available)
[    0.928722] random: systemd-udevd: uninitialized urandom read (16 bytes read, 3 bits of entropy available)
[    0.935335] random: udevadm: uninitialized urandom read (16 bytes read, 3 bits of entropy available)
[    0.940879] random: systemd-udevd: uninitialized urandom read (16 bytes read, 3 bits of entropy available)
[    0.942596] random: systemd-udevd: uninitialized urandom read (16 bytes read, 3 bits of entropy available)
[    0.943396] random: udevadm: uninitialized urandom read (16 bytes read, 3 bits of entropy available)
[    0.943435] random: udevadm: uninitialized urandom read (16 bytes read, 3 bits of entropy available)
[    0.973444] Fusion MPT base driver 3.04.20
[    0.974258] Copyright (c) 1999-2008 LSI Corporation
[    0.975804] e1000: Intel(R) PRO/1000 Network Driver - version 7.3.21-k8-NAPI
[    0.976721] e1000: Copyright (c) 1999-2006 Intel Corporation.
[    0.989570] AVX2 version of gcm_enc/dec engaged.
[    0.990328] AES CTR mode by8 optimization enabled
[    0.996572] Fusion MPT SPI Host driver 3.04.20
[    1.200581] input: ImExPS/2 Generic Explorer Mouse as /devices/platform/i8042/serio1/input/input4
[    1.487377] e1000 0000:00:03.0 eth0: (PCI:33MHz:32-bit) 02:e5:f9:b1:f5:c2
[    1.489324] e1000 0000:00:03.0 eth0: Intel(R) PRO/1000 Network Connection
[    1.490806] mptbase: ioc0: Initiating bringup
[    2.505805] ioc0: LSI53C1030 A0: Capabilities={Initiator}
[    4.385563] scsi host2: ioc0: LSI53C1030 A0, FwRev=00000000h, Ports=1, MaxQ=256, IRQ=20
[    5.461418] scsi 2:0:0:0: Direct-Access     VBOX     HARDDISK         1.0  PQ: 0 ANSI: 5
[    5.470038] scsi target2:0:0: Beginning Domain Validation
[    5.471674] scsi target2:0:0: Domain Validation skipping write tests
[    5.472496] scsi target2:0:0: Ending Domain Validation
[    5.473244] scsi target2:0:0: asynchronous
[    5.474552] scsi 2:0:1:0: Direct-Access     VBOX     HARDDISK         1.0  PQ: 0 ANSI: 5
[    5.475881] scsi target2:0:1: Beginning Domain Validation
[    5.477088] scsi target2:0:1: Domain Validation skipping write tests
[    5.477958] scsi target2:0:1: Ending Domain Validation
[    5.479444] scsi target2:0:1: asynchronous
[    5.484418] sd 2:0:0:0: Attached scsi generic sg0 type 0
[    5.485248] sd 2:0:0:0: [sda] 20971520 512-byte logical blocks: (10.7 GB/10.0 GiB)
[    5.486770] sd 2:0:1:0: [sdb] 20480 512-byte logical blocks: (10.5 MB/10.0 MiB)
[    5.487989] sd 2:0:1:0: [sdb] Write Protect is off
[    5.488783] sd 2:0:1:0: [sdb] Incomplete mode parameter data
[    5.489575] sd 2:0:1:0: [sdb] Assuming drive cache: write through
[    5.490686] sd 2:0:1:0: Attached scsi generic sg1 type 0
[    5.493660] sd 2:0:1:0: [sdb] Attached SCSI disk
[    5.495773] sd 2:0:0:0: [sda] Write Protect is off
[    5.496714] sd 2:0:0:0: [sda] Incomplete mode parameter data
[    5.497554] sd 2:0:0:0: [sda] Assuming drive cache: write through
[    5.505627]  sda: sda1
[    5.510227] sd 2:0:0:0: [sda] Attached SCSI disk
[    5.801404] e1000 0000:00:08.0 eth1: (PCI:33MHz:32-bit) 08:00:27:b0:f3:a9
[    5.802375] e1000 0000:00:08.0 eth1: Intel(R) PRO/1000 Network Connection
[    5.803956] e1000 0000:00:03.0 enp0s3: renamed from eth0
[    5.816043] e1000 0000:00:08.0 enp0s8: renamed from eth1
Begin: Loading essential drivers ... [    7.395279] md: linear personality registered for level -1
[    7.397610] md: multipath personality registered for level -4
[    7.400156] md: raid0 personality registered for level 0
[    7.403560] md: raid1 personality registered for level 1
[    7.475277] raid6: sse2x1   gen()  7922 MB/s
[    7.543593] raid6: sse2x1   xor()  8041 MB/s
[    7.612018] raid6: sse2x2   gen() 16874 MB/s
[    7.679422] raid6: sse2x2   xor() 11184 MB/s
[    7.747826] raid6: sse2x4   gen() 18292 MB/s
[    7.816268] raid6: sse2x4   xor() 10127 MB/s
[    7.883648] raid6: avx2x1   gen() 19868 MB/s
[    7.951084] raid6: avx2x2   gen() 33871 MB/s
[    8.019481] raid6: avx2x4   gen() 33971 MB/s
[    8.020172] raid6: using algorithm avx2x4 gen() 33971 MB/s
[    8.020942] raid6: using avx2x2 recovery algorithm
[    8.022508] xor: automatically using best checksumming function:
[    8.062494]    avx       : 15201.000 MB/sec
[    8.063958] async_tx: api initialized (async)
[    8.070904] md: raid6 personality registered for level 6
[    8.071749] md: raid5 personality registered for level 5
[    8.072547] md: raid4 personality registered for level 4
[    8.077610] md: raid10 personality registered for level 10
done.
Begin: Running /scripts/init-premount ... done.
Begin: Mounting root file system ... Begin: Running /scripts/local-top ... done.
Begin: Running /scripts/local-premount ... [    8.100862] Btrfs loaded
Scanning for Btrfs filesystems
done.
Warning: fsck not present, so skipping root file system
[    8.120513] EXT4-fs (sda1): mounted filesystem with ordered data mode. Opts: (null)
done.
Begin: Running /scripts/local-bottom ... done.
Begin: Running /scripts/init-bottom ... done.
[    8.191498] systemd[1]: systemd 229 running in system mode. (+PAM +AUDIT +SELINUX +IMA +APPARMOR +SMACK +SYSVINIT +UTMP +LIBCRYPTSETUP +GCRYPT +GNUTLS +ACL +XZ -LZ4 +SECCOMP +BLKID +ELFUTILS +KMOD -IDN)
[    8.193889] systemd[1]: Detected virtualization oracle.
[    8.194633] systemd[1]: Detected architecture x86-64.

Welcome to [1mUbuntu 16.04.6 LTS[0m!

[    8.202883] systemd[1]: Set hostname to <ubuntu>.
[    8.205484] systemd[1]: Initializing machine ID from random generator.
[    8.206427] systemd[1]: Installed transient /etc/machine-id file.
[    8.298621] systemd[1]: Started Forward Password Requests to Wall Directory Watch.
[[0;32m  OK  [0m] Started Forward Password Requests to Wall Directory Watch.
[    8.300696] systemd[1]: Listening on Journal Socket (/dev/log).
[[0;32m  OK  [0m] Listening on Journal Socket (/dev/log).
[    8.302358] systemd[1]: Listening on Syslog Socket.
[[0;32m  OK  [0m] Listening on Syslog Socket.
[    8.303637] systemd[1]: Reached target User and Group Name Lookups.
[[0;32m  OK  [0m] Reached target User and Group Name Lookups.
[    8.305142] systemd[1]: Listening on Device-mapper event daemon FIFOs.
[[0;32m  OK  [0m] Listening on Device-mapper event daemon FIFOs.
[    8.306735] systemd[1]: Listening on Journal Audit Socket.
[[0;32m  OK  [0m] Listening on Journal Audit Socket.
[    8.308000] systemd[1]: Listening on udev Control Socket.
[[0;32m  OK  [0m] Listening on udev Control Socket.
[    8.309422] systemd[1]: Started Trigger resolvconf update for networkd DNS.
[[0;32m  OK  [0m] Started Trigger resolvconf update for networkd DNS.
[    8.311104] systemd[1]: Listening on udev Kernel Socket.
[[0;32m  OK  [0m] Listening on udev Kernel Socket.
[    8.312464] systemd[1]: Listening on Journal Socket.
[[0;32m  OK  [0m] Listening on Journal Socket.
[    8.313767] systemd[1]: Reached target System Time Synchronized.
[[0;32m  OK  [0m] Reached target System Time Synchronized.
[    8.315239] systemd[1]: Listening on LVM2 poll daemon socket.
[[0;32m  OK  [0m] Listening on LVM2 poll daemon socket.
[    8.316626] systemd[1]: Listening on LVM2 metadata daemon socket.
[[0;32m  OK  [0m] Listening on LVM2 metadata daemon socket.
[    8.318197] systemd[1]: Reached target Swap.
[[0;32m  OK  [0m] Reached target Swap.
[    8.319352] systemd[1]: Reached target Encrypted Volumes.
[[0;32m  OK  [0m] Reached target Encrypted Volumes.
[    8.320667] systemd[1]: Listening on /dev/initctl Compatibility Named Pipe.
[[0;32m  OK  [0m] Listening on /dev/initctl Compatibility Named Pipe.
[    8.322243] systemd[1]: Set up automount Arbitrary Executable File Formats File System Automount Point.
[[0;32m  OK  [0m] Set up automount Arbitrary Executab...ats File System Automount Point.
[    8.324515] systemd[1]: Created slice System Slice.
[[0;32m  OK  [0m] Created slice System Slice.
[    8.339240] systemd[1]: Starting Journal Service...
         Starting Journal Service...
[    8.341351] systemd[1]: Mounting POSIX Message Queue File System...
         Mounting POSIX Message Queue File System...
[    8.343939] systemd[1]: Starting Uncomplicated firewall...
         Starting Uncomplicated firewall...
[    8.351143] systemd[1]: Starting Remount Root and Kernel File Systems...
         Starting Remount Root and Kernel File Systems...
[    8.356058] EXT4-fs (sda1): re-mounted. Opts: (null)
[    8.359475] systemd[1]: Mounting Debug File System...
         Mounting Debug File System...
[    8.361618] systemd[1]: Starting Nameserver information manager...
         Starting Nameserver information manager...
[    8.364082] systemd[1]: Starting Create list of required static device nodes for the current kernel...
         Starting Create list of required st... nodes for the current kernel...
[    8.366820] systemd[1]: Mounting Huge Pages File System...
         Mounting Huge Pages File System...
[    8.369894] systemd[1]: Created slice User and Session Slice.
[[0;32m  OK  [0m] Created slice User and Session Slice.
[    8.371472] systemd[1]: Reached target Slices.
[[0;32m  OK  [0m] Reached target Slices.
[    8.373096] systemd[1]: Starting Monitoring of LVM2 mirrors, snapshots etc. using dmeventd or progress polling...
         Starting Monitoring of LVM2 mirrors... dmeventd or progress polling...
[    8.376304] systemd[1]: Starting Set console keymap...
         Starting Set console keymap...
[    8.379448] systemd[1]: Starting Load Kernel Modules...
         Starting Load Kernel Modules...
[    8.381880] systemd[1]: Created slice system-serial\x2dgetty.slice.
[[0;32m  OK  [0m] Created slice system-serial\x2dgetty.slice.
[    8.386059] systemd[1]: Mounted POSIX Message Queue File System.
[[0;32m  OK  [0m] Mounted POSIX Me[    8.387355] Loading iSCSI transport class v2.0-870.
ssage Queue File System.
[    8.388121] systemd[1]: Mounted Debug File System.
[[0;32m  OK  [0m] Mounted Debug File System.
[    8.389530] systemd[1]: Mounted Huge Pages File System.
[[0;32m  OK  [0m] Mounted Huge Pages File System.
[    8.391263] systemd[1]: Started Journal Service.
[[0;32m  OK  [0m] Started Journal Service.
[[0;32m  OK  [0m] Started Uncomplicated firewall.
[    8.395901] iscsi: registered transport (tcp)
[[0;32m  OK  [0m] Started Remount Root and Kernel File Systems.
[[0;32m  OK  [0m] Started Create list of required sta...ce nodes for the current kernel.
[[0;32m  OK  [0m] Started Nameserver information manager.
[[0;32m  OK  [0m] Started LVM2 metadata daemon.
         Starting Create Static Device Nodes in /dev...
         Starting Load/Save Random Seed...
         Starting udev Coldplug all Devices...
         Starting Flush Journal to Persistent Storage...
[    8.421301] systemd-journald[364]: Received request to flush runtime journal from PID 1
[[0;32m  OK  [0m] Started Load/Save Random Seed.
[[0;32m  OK  [0m] Started Flush Journal to Persistent Storage.
[[0;32m  OK  [0m] Started Create Static Device Nodes in /dev.
         Starting udev Kernel Device Manager...
[[0;32m  OK  [0m] Started udev Coldplug all Devices.
[    8.450086] iscsi: registered transport (iser)
[[0;32m  OK  [0m] Started Load Kernel Modules.
         Mounting FUSE Control File System...
         Starting Apply Kernel Variables...
[[0;32m  OK  [0m] Mounted FUSE Control File System.
[[0;32m  OK  [0m] Started udev Kernel Device Manager.
[[0;32m  OK  [0m] Started Apply Kernel Variables.
[[0;32m  OK  [0m] Started Monitoring of LVM2 mirrors,...ng dmeventd or progress polling.
[[0;32m  OK  [0m] Started Set console keymap.
[[0;32m  OK  [0m] Reached target Local File Systems (Pre).
[[0;32m  OK  [0m] Reached target Local File Systems.
         Starting Initial cloud-init job (pre-networking)...
         Starting LSB: AppArmor initialization...
         Starting Commit a transient machine-id on disk...
         Starting Tell Plymouth To Write Out Runtime Data...
         Starting Set console font and keymap...
         Starting Create Volatile Files and Directories...
[[0;32m  OK  [0m] Started Dispatch Password Requests to Console Directory Watch.
[[0;32m  OK  [0m] Started Create Volatile Files and Directories.
         Starting Update UTMP about System Boot/Shutdown...
[[0;32m  OK  [0m] Started Update UTMP about System Boot/Shutdown.
[[0;32m  OK  [0m] Started Tell Plymouth To Write Out Runtime Data.
[[0;32m  OK  [0m] Started Commit a transient machine-id on disk.
[[0;32m  OK  [0m] Found device /dev/ttyS0.
[[0;32m  OK  [0m] Listening on Load/Save RF Kill Switch Status /dev/rfkill Watch.
[[0;32m  OK  [0m] Started LSB: AppArmor initialization.
[    9.297237] cloud-init[482]: Cloud-init v. 20.2-45-g5f7825e2-0ubuntu1~16.04.1 running 'init-local' at Tue, 04 Aug 2020 15:23:34 +0000. Up 8.94 seconds.
         Starting Load AppArmor profiles managed internally by snapd...
[[0;32m  OK  [0m] Started Set console font and keymap.
[[0;32m  OK  [0m] Started Load AppArmor profiles managed internally by snapd.
[[0;32m  OK  [0m] Started Initial cloud-init job (pre-networking).
[[0;32m  OK  [0m] Reached target Network (Pre).
         Starting Raise network interfaces...
[[0;32m  OK  [0m] Created slice system-getty.slice.
[[0;32m  OK  [0m] Started Raise network interfaces.
         Starting Initial cloud-init job (metadata service crawler)...
[[0;32m  OK  [0m] Reached target Network.
[   10.164916] cloud-init[960]: Cloud-init v. 20.2-45-g5f7825e2-0ubuntu1~16.04.1 running 'init' at Tue, 04 Aug 2020 15:23:35 +0000. Up 9.77 seconds.
[   10.166466] cloud-init[960]: ci-info: ++++++++++++++++++++++++++++++++++++++Net device info+++++++++++++++++++++++++++++++++++++++
[   10.167606] cloud-init[960]: ci-info: +--------+-------+----------------------------+---------------+--------+-------------------+
[   10.168976] cloud-init[960]: ci-info: | Device |   Up  |          Address           |      Mask     | Scope  |     Hw-Address    |
[   10.170143] cloud-init[960]: ci-info: +--------+-------+----------------------------+---------------+--------+-------------------+
[   10.171316] cloud-init[960]: ci-info: | enp0s3 |  True |         10.0.2.15          | 255.255.255.0 | global | 02:e5:f9:b1:f5:c2 |
[   10.181304] cloud-init[960]: ci-info: | enp0s3 |  True | fe80::e5:f9ff:feb1:f5c2/64 |       .       |  link  | 02:e5:f9:b1:f5:c2 |
[   10.182197] cloud-init[960]: ci-info: | enp0s8 | False |             .              |       .       |   .    | 08:00:27:b0:f3:a9 |
[   10.188930] cloud-init[960]: ci-info: |   lo   |  True |         127.0.0.1          |   255.0.0.0   |  host  |         .         |
[   10.190070] cloud-init[960]: ci-info: |   lo   |  True |          ::1/128           |       .       |  host  |         .         |
[   10.191206] cloud-init[960]: ci-info: +--------+-------+----------------------------+---------------+--------+-------------------+
[   10.192378] cloud-init[960]: ci-info: +++++++++++++++++++++++++++Route IPv4 info++++++++++++++++++++++++++++
[   10.193411] cloud-init[960]: ci-info: +-------+-------------+----------+---------------+-----------+-------+
[   10.194699] cloud-init[960]: ci-info: | Route | Destination | Gateway  |    Genmask    | Interface | Flags |
[   10.195823] cloud-init[960]: ci-info: +-------+-------------+----------+---------------+-----------+-------+
[   10.196865] cloud-init[960]: ci-info: |   0   |   0.0.0.0   | 10.0.2.2 |    0.0.0.0    |   enp0s3  |   UG  |
[   10.197839] cloud-init[960]: ci-info: |   1   |   10.0.2.0  | 0.0.0.0  | 255.255.255.0 |   enp0s3  |   U   |
[   10.198824] cloud-init[960]: ci-info: +-------+-------------+----------+---------------+-----------+-------+
[   10.199768] cloud-init[960]: ci-info: +++++++++++++++++++Route IPv6 info+++++++++++++++++++
[   10.208433] cloud-init[960]: ci-info: +-------+-------------+---------+-----------+-------+
[   10.209261] cloud-init[960]: ci-info: | Route | Destination | Gateway | Interface | Flags |
[   10.210060] cloud-init[960]: ci-info: +-------+-------------+---------+-----------+-------+
[   10.210881] cloud-init[960]: ci-info: |   0   |  fe80::/64  |    ::   |   enp0s3  |   U   |
[   10.211728] cloud-init[960]: ci-info: |   3   |   ff00::/8  |    ::   |   enp0s3  |   U   |
[   10.212605] cloud-init[960]: ci-info: +-------+-------------+---------+-----------+-------+
[   10.213506] cloud-init[960]: Generating public/private rsa key pair.
[   10.214293] cloud-init[960]: Your identification has been saved in /etc/ssh/ssh_host_rsa_key.
[   10.215155] cloud-init[960]: Your public key has been saved in /etc/ssh/ssh_host_rsa_key.pub.
[   10.216040] cloud-init[960]: The key fingerprint is:
[   10.225062] cloud-init[960]: SHA256:VbdVCLMLxtNxB2g81JuwVSiMbGhprK+MYc0t2HZ+fbY root@ubuntu-xenial
[   10.225911] cloud-init[960]: The key's randomart image is:
[   10.226508] cloud-init[960]: +---[RSA 2048]----+
[   10.227150] cloud-init[960]: |       . + =*++=*|
[   10.233035] [[0;32m  OK  [0m] Started Initial cloud-init job (metadata service crawler).
[[0;32m  OK  [0m] Reached target Network is Online.
cloud-init[960]: |        *.+oO*=+ |
[   10.235177] cloud-init[960]: |       + .*.o*.o |
[   10.235753] cloud-init[960]: |      .  o o..o  |
[   10.240713] cloud-init[960]: |     = oS   .    |
[   10.241401] cloud-init[960]: |    + * +        |
[   10.242063] cloud-init[960]: |   . = =   .     |
[   10.242725] cloud-init[960]: |    . o . . . o  |
[   10.248397] cloud-init[960]: |         .   oE. |
[   10.248497] cloud-init[960]: +----[SHA256]-----+
         Starting iSCSI initiator daemon (iscsid)...
[[0;32m  OK  [0m] Reached target System Initialization.
[   10.248536] cloud-init[960]: Generating public/private dsa key pair.
[   10.257894] cloud-init[960]: Your identification has been saved in /etc/ssh/ssh_host_dsa_key.
[   10.257967] cloud-init[960]: Your public key has been saved in /etc/ssh/ssh_host_dsa_key.pub.
[   10.258081] cloud-init[960]: The key fingerprint is:
[   10.258197] cloud-init[960]: SHA256:XYCd6DvFd7a32I/OP+0r7nTors+ZuI+xJJfH7GXXCDQ root@ubuntu-xenial
[   10.258256] cloud-init[960]: The key's randomart image is:
[   10.258442] cloud-init[960]: +---[DSA 1024]----+
[   10.258660] cloud-init[960]: |         +..     |
[   10.258977] cloud-init[960]: |        o o.     |
[   10.259177] cloud-init[960]: |       . .  E    |
[   10.259431] cloud-init[960]: |        ..oo..o  |
[   10.259633] cloud-init[960]: |        So...o . |
[   10.259817] cloud-init[960]: |        o   +.o.o|
[   10.259964] cloud-init[960]: |         o = *+==|
[   10.260026] cloud-init[960]: |          + @+*=o|
[   10.260086] cloud-init[960]: |           *O&=+B|
[   10.260141] cloud-init[960]: +----[SHA256]-----+
[   10.260323] cloud-init[960]: Generating public/private ecdsa key pair.
[[0;32m  OK  [0m] Started Message of the Day.
[   10.260458] cloud-init[960]: Your identification has been saved in /etc/ssh/ssh_host_ecdsa_key.
[   10.266627] cloud-init[960]: Your public key has been saved in /etc/ssh/ssh_host_ecdsa_key.pub.
[   10.266724] cloud-init[960]: The key fingerprint is:
[   10.266876] cloud-init[960]: SHA256:GS0g8cZpluoIVHtF/Tz32uaae1mQ0GaXmOeUxC21ffU root@ubuntu-xenial
[   10.267092] cloud-init[960]: The key's randomart image is:
[   10.267281] cloud-init[960]: +---[ECDSA 256]---+
[   10.267486] cloud-init[960]: |   .o.oo.    .=o*|
[   10.267747] cloud-init[960]: |  . .+.+ o  .o=*B|
[   10.267808] cloud-init[960]: | . . .O o +  ++=E|
[   10.267909] cloud-init[960]: |.   .=   + + .o..|
[   10.267976] cloud-init[960]: |.   .   S   o .. |
[   10.268034] cloud-init[960]: | . o           ..|
[   10.268089] cloud-init[960]: |  . .         o o|
[   10.268143] cloud-init[960]: |             ..= |
[   10.268192] cloud-init[960]: |             +*. |
[   10.268315] cloud-init[960]: +----[SHA256]-----+
[   10.268509] cloud-init[960]: Generating public/private ed25519 key pair.
[   10.268908] cloud-init[960]: Your identification has been saved in /etc/ssh/ssh_host_ed25519_key.
[   10.269097] cloud-init[960]: Your public key has been saved in /etc/ssh/ssh_host_ed25519_key.pub.
[   10.269191] cloud-init[960]: The key fingerprint is:
[   10.269211] cloud-init[960]: SHA256:ImpBpEYJszPlyMx3uhmLole8baXHQc9s9emHuO3DZWw root@ubuntu-xenial
[   10.269411] cloud-init[960]: The key's randomart image is:
[   10.269613] cloud-init[960]: +--[ED25519 256]--+
[   10.269653] cloud-init[960]: |+.+              |
[   10.269868] cloud-init[960]: |=X               |
[   10.270209] cloud-init[960]: |*=o. .           |
[   10.270381] cloud-init[960]: |.+. o   .   .    |
[   10.270591] cloud-init[960]: |  .+. ..S+ . . o |
[   10.270765] cloud-init[960]: |  .oB. .o =   o E|
[   10.270961] cloud-init[960]: |..o= o + o   + = |
[   10.271062] cloud-init[960]: |o.. . + o   ..= .|
[   10.271266] cloud-init[960]: |..   . .    .ooo |
[   10.271467] cloud-init[960]: +----[SHA256]-----+
[[0;32m  OK  [0m] Started Daily apt download activities.
[[0;32m  OK  [0m] Listening on UUID daemon activation socket.
[[0;32m  OK  [0m] Listening on D-Bus System Message Bus Socket.
         Starting Socket activation for snappy daemon.
         Starting LXD - unix socket.
[[0;32m  OK  [0m] Started ACPI Events Check.
[[0;32m  OK  [0m] Reached target Paths.
[[0;32m  OK  [0m] Started Daily apt upgrade and clean activities.
[[0;32m  OK  [0m] Started Daily Cleanup of Temporary Directories.
[[0;32m  OK  [0m] Reached target Timers.
[[0;32m  OK  [0m] Listening on ACPID Listen Socket.
[[0;32m  OK  [0m] Reached target Cloud-config availability.
[[0;32m  OK  [0m] Listening on Socket activation for snappy daemon.
[[0;32m  OK  [0m] Listening on LXD - unix socket.
[[0;32m  OK  [0m] Reached target Sockets.
[[0;32m  OK  [0m] Reached target Basic System.
         Starting /etc/rc.local Compatibility...
         Starting Virtualbox guest utils...
         Starting System Logging Service...
[[0;32m  OK  [0m] Started Deferred execution scheduler.
         Starting LXD - container startup/shutdown...
[[0;32m  OK  [0m] Started FUSE filesystem for LXC.
[[0;32m  OK  [0m] Started ACPI event daemon.
         Starting Login Service...
[[0;32m  OK  [0m] Started D-Bus System Message Bus.
[[0;32m  OK  [0m] Started Regular background program processing daemon.
         Starting LSB: MD monitoring daemon...
         Starting LSB: Record successful boot for GRUB...
         Starting Pollinate to seed the pseudo random number generator...
         Starting Snap Daemon...
         Starting Accounts Service...
[[0;32m  OK  [0m] Started System Logging Service.
[[0;32m  OK  [0m] Started iSCSI initiator daemon (iscsid).
[[0;32m  OK  [0m] Started /etc/rc.local Compatibility.
[[0;32m  OK  [0m] Started Login Service.
[[0;32m  OK  [0m] Started Unattended Upgrades Shutdown.
         Starting Login to default iSCSI targets...
[[0;32m  OK  [0m] Started Login to default iSCSI targets.
[[0;32m  OK  [0m] Reached target Remote File Systems (Pre).
[[0;32m  OK  [0m] Reached target Remote File Systems.
         Starting LSB: automatic crash report generation...
         Starting LSB: Set the CPU Frequency Scaling governor to "ondemand"...
         Starting LSB: daemon to balance interrupts for SMP systems...
         Starting Permit User Sessions...
[[0;32m  OK  [0m] Started LSB: MD monitoring daemon.
[[0;32m  OK  [0m] Started LSB: Record successful boot for GRUB.
[[0;32m  OK  [0m] Started Permit User Sessions.
         Starting Terminate Plymouth Boot Screen...
         Starting Hold until boot process finishes up...
[[0;32m  OK  [0m] Started Hold until boot process finishes up.
         Starting Authenticate and Authorize Users to Run Privileged Tasks...
[[0;32m  OK  [0m] Started Serial Getty on ttyS0.
[[0;32m  OK  [0m] Started Getty on tty1.
[[0;32m  OK  [0m] Reached target Login Prompts.
         Starting Set console scheme...
[[0;32m  OK  [0m] Started Terminate Plymouth Boot Screen.
[[0;32m  OK  [0m] Started LSB: Set the CPU Frequency Scaling governor to "ondemand".
[[0;32m  OK  [0m] Started Set console scheme.
[[0;32m  OK  [0m] Started LSB: automatic crash report generation.
[[0;32m  OK  [0m] Started LSB: daemon to balance interrupts for SMP systems.
[[0;32m  OK  [0m] Started Virtualbox guest utils.
[[0;32m  OK  [0m] Started Authenticate and Authorize Users to Run Privileged Tasks.
[[0;32m  OK  [0m] Started Accounts Service.
[[0;32m  OK  [0m] Started LXD - container startup/shutdown.
[[0;32m  OK  [0m] Started Snap Daemon.
         Starting Wait until snapd is fully seeded...
[[0;32m  OK  [0m] Started Pollinate to seed the pseudo random number generator.
         Starting OpenBSD Secure Shell server...
[[0;32m  OK  [0m] Started OpenBSD Secure Shell server.
[[0;32m  OK  [0m] Started Wait until snapd is fully seeded.
[[0;32m  OK  [0m] Reached target Multi-User System.
[[0;32m  OK  [0m] Reached target Graphical Interface.
         Starting Update UTMP about System Runlevel Changes...
         Starting Apply the settings specified in cloud-config...
[[0;32m  OK  [0m] Started Update UTMP about System Runlevel Changes.
[   11.531534] cloud-init[1315]: Generating locales (this might take a while)...
[   12.098252] cloud-init[1315]:   en_US.UTF-8... done
[   12.099835] cloud-init[1315]: Generation complete.
[   12.328984] cloud-init[1315]: Cloud-init v. 20.2-45-g5f7825e2-0ubuntu1~16.04.1 running 'modules:config' at Tue, 04 Aug 2020 15:23:37 +0000. Up 11.45 seconds.
[[0;32m  OK  [0m] Created slice User Slice of vagrant.
         Starting User Manager for UID 1000...
[[0;32m  OK  [0m] Started Apply the settings specified in cloud-config.
[[0;32m  OK  [0m] Started Session 1 of user vagrant.
         Starting Execute cloud user/final scripts...
[[0;32m  OK  [0m] Started User Manager for UID 1000.
ci-info: no authorized SSH keys fingerprints found for user ubuntu.
<14>Aug  4 15:23:38 ec2: 
<14>Aug  4 15:23:38 ec2: #############################################################
<14>Aug  4 15:23:38 ec2: -----BEGIN SSH HOST KEY FINGERPRINTS-----
<14>Aug  4 15:23:38 ec2: 1024 SHA256:XYCd6DvFd7a32I/OP+0r7nTors+ZuI+xJJfH7GXXCDQ root@ubuntu-xenial (DSA)
<14>Aug  4 15:23:38 ec2: 256 SHA256:GS0g8cZpluoIVHtF/Tz32uaae1mQ0GaXmOeUxC21ffU root@ubuntu-xenial (ECDSA)
<14>Aug  4 15:23:38 ec2: 256 SHA256:ImpBpEYJszPlyMx3uhmLole8baXHQc9s9emHuO3DZWw root@ubuntu-xenial (ED25519)
<14>Aug  4 15:23:38 ec2: 2048 SHA256:VbdVCLMLxtNxB2g81JuwVSiMbGhprK+MYc0t2HZ+fbY root@ubuntu-xenial (RSA)
<14>Aug  4 15:23:38 ec2: -----END SSH HOST KEY FINGERPRINTS-----
<14>Aug  4 15:23:38 ec2: #############################################################
-----BEGIN SSH HOST KEY KEYS-----
ecdsa-sha2-nistp256 AAAAE2VjZHNhLXNoYTItbmlzdHAyNTYAAAAIbmlzdHAyNTYAAABBBAwGdjKWqYYrp2Y60sn0crHAB/lOqs76cuGbIfCUJyzwA7fUChvj64B/4pddLXQbHDL3DM98Ntag3DJ48uB2d4A= root@ubuntu-xenial
ssh-ed25519 AAAAC3NzaC1lZDI1NTE5AAAAIEVa+yCTwM7xsEJb5ePffiKrvzAZ9unkTtV8E6A99G+L root@ubuntu-xenial
ssh-rsa AAAAB3NzaC1yc2EAAAADAQABAAABAQDQTKxNgHLdR7oDxnTwvEidlWwmR+z1RepCmP3CGDoQxyI4hpGrCWEw8aW51U+vk6ZHEjPLH0V4ZPg2eX+qTCxEhdOb9gqjEj38XfKzFtspj2bE6wryiH5sR3v4Rsg4uqaeDePcYguX74wrlfRiC3lbgc54slbvFKryuGJ0SjbAw600xq9KNNsc2dN6A9456CC10ZtOG6l2VkamOrdxJOc/tlB7u15s2SaH9hh1BCUThsfE/W/3R36O+Uh2H0bwU9NhVSWlbCP21fzu+csk26eH4uXLToFkshT0idKuzStJjgKPpPc3FP7xe0CBshixgRwK0o9XN+doksL9zFuz4He3 root@ubuntu-xenial
-----END SSH HOST KEY KEYS-----
[   12.787266] cloud-init[1362]: Cloud-init v. 20.2-45-g5f7825e2-0ubuntu1~16.04.1 running 'modules:final' at Tue, 04 Aug 2020 15:23:38 +0000. Up 12.64 seconds.
[   12.788707] cloud-init[1362]: ci-info: no authorized SSH keys fingerprints found for user ubuntu.
[   12.789812] cloud-init[1362]: Cloud-init v. 20.2-45-g5f7825e2-0ubuntu1~16.04.1 finished at Tue, 04 Aug 2020 15:23:38 +0000. Datasource DataSourceNoCloud [seed=/dev/sdb][dsmode=net].  Up 12.78 seconds
[[0;32m  OK  [0m] Started Execute cloud user/final scripts.
[[0;32m  OK  [0m] Reached target Cloud-init target.

Ubuntu 16.04.6 LTS ubuntu-xenial ttyS0

ubuntu-xenial login:          Stopping Session 4 of user vagrant.
[[0;32m  OK  [0m] Stopped target Cloud-init target.
[[0;32m  OK  [0m] Stopped Execute cloud user/final scripts.
[[0;32m  OK  [0m] Stopped Apply the settings specified in cloud-config.
[[0;32m  OK  [0m] Stopped target Cloud-config availability.
[[0;32m  OK  [0m] Stopped target Timers.
[[0;32m  OK  [0m] Stopped Message of the Day.
         Stopping Authenticate and Authorize Users to Run Privileged Tasks...
         Stopping User Manager for UID 1000...
[[0;32m  OK  [0m] Stopped target Graphical Interface.
         Stopping Accounts Service...
[[0;32m  OK  [0m] Stopped target Multi-User System.
         Stopping Virtualbox guest utils...
         Stopping LXD - container startup/shutdown...
         Stopping D-Bus System Message Bus...
         Stopping LSB: Set the CPU Frequency Scaling governor to "ondemand"...
         Stopping OpenBSD Secure Shell server...
         Stopping Deferred execution scheduler...
         Stopping System Logging Service...
         Stopping FUSE filesystem for LXC...
         Stopping LSB: MD monitoring daemon...
         Stopping LSB: Record successful boot for GRUB...
[[0;32m  OK  [0m] Stopped Daily apt upgrade and clean activities.
[[0;32m  OK  [0m] Stopped Daily apt download activities.
[[0;32m  OK  [0m] Stopped target System Time Synchronized.
         Stopping ACPI event daemon...
[[0;32m  OK  [0m] Stopped Daily Cleanup of Temporary Directories.
         Stopping Regular background program processing daemon...
         Stopping Unattended Upgrades Shutdown...
[[0;32m  OK  [0m] Stopped target Login Prompts.
         Stopping Serial Getty on ttyS0...
         Stopping Getty on tty1...
[[0;32m  OK  [0m] Stopped Wait until snapd is fully seeded.
         Stopping LSB: automatic crash report generation...
[[0;32m  OK  [0m] Closed Load/Save RF Kill Switch Status /dev/rfkill Watch.
         Stopping LSB: daemon to balance interrupts for SMP systems...
[[0;32m  OK  [0m] Unmounted /var/lib/lxcfs.
[[0;32m  OK  [0m] Stopped System Logging Service.
[[0;32m  OK  [0m] Stopped Deferred execution scheduler.
[[0;32m  OK  [0m] Stopped Regular background program processing daemon.
[[0;32m  OK  [0m] Stopped Accounts Service.
[[0;32m  OK  [0m] Stopped Unattended Upgrades Shutdown.
[[0;32m  OK  [0m] Stopped Authenticate and Authorize Users to Run Privileged Tasks.
[[0;32m  OK  [0m] Stopped Serial Getty on ttyS0.
[[0;32m  OK  [0m] Stopped Getty on tty1.
[[0;32m  OK  [0m] Stopped OpenBSD Secure Shell server.
[[0;32m  OK  [0m] Stopped User Manager for UID 1000.
[[0;32m  OK  [0m] Stopped Session 4 of user vagrant.
[[0;32m  OK  [0m] Stopped D-Bus System Message Bus.
[[0;32m  OK  [0m] Stopped FUSE filesystem for LXC.
[[0;32m  OK  [0m] Stopped LXD - container startup/shutdown.
[[0;32m  OK  [0m] Removed slice User Slice of vagrant.
[[0;32m  OK  [0m] Removed slice system-getty.slice.
[[0;32m  OK  [0m] Removed slice system-serial\x2dgetty.slice.
[[0;32m  OK  [0m] Stopped /etc/rc.local Compatibility.
         Stopping Permit User Sessions...
         Stopping Login Service...
[[0;32m  OK  [0m] Stopped ACPI event daemon.
[[0;32m  OK  [0m] Stopped Virtualbox guest utils.
[[0;32m  OK  [0m] Stopped LSB: Set the CPU Frequency Scaling governor to "ondemand".
[[0;32m  OK  [0m] Stopped LSB: MD monitoring daemon.
[[0;32m  OK  [0m] Stopped LSB: Record successful boot for GRUB.
[[0;32m  OK  [0m] Stopped LSB: automatic crash report generation.
[[0;32m  OK  [0m] Stopped LSB: daemon to balance interrupts for SMP systems.
[[0;32m  OK  [0m] Stopped Permit User Sessions.
[[0;32m  OK  [0m] Stopped target Remote File Systems.
[[0;32m  OK  [0m] Stopped target Remote File Systems (Pre).
         Stopping Login to default iSCSI targets...
[[0;32m  OK  [0m] Stopped Login to default iSCSI targets.
         Stopping iSCSI initiator daemon (iscsid)...
[[0;32m  OK  [0m] Stopped iSCSI initiator daemon (iscsid).
[[0;32m  OK  [0m] Stopped target Network is Online.
[[0;32m  OK  [0m] Stopped target Network.
[[0;32m  OK  [0m] Stopped Login Service.
[[0;32m  OK  [0m] Stopped target User and Group Name Lookups.
[[0;32m  OK  [0m] Stopped target Basic System.
[[0;32m  OK  [0m] Stopped target Paths.
[[0;32m  OK  [0m] Stopped ACPI Events Check.
[[0;32m  OK  [0m] Stopped Forward Password Requests to Wall Directory Watch.
[[0;32m  OK  [0m] Stopped Dispatch Password Requests to Console Directory Watch.
[[0;32m  OK  [0m] Stopped target Sockets.
[[0;32m  OK  [0m] Closed UUID daemon activation socket.
[[0;32m  OK  [0m] Closed LXD - unix socket.
[[0;32m  OK  [0m] Closed D-Bus System Message Bus Socket.
[[0;32m  OK  [0m] Closed Syslog Socket.
[[0;32m  OK  [0m] Closed ACPID Listen Socket.
[[0;32m  OK  [0m] Closed Socket activation for snappy daemon.
[[0;32m  OK  [0m] Stopped target System Initialization.
[[0;32m  OK  [0m] Stopped Commit a transient machine-id on disk.
         Stopping Update UTMP about System Boot/Shutdown...
[[0;32m  OK  [0m] Stopped target Swap.
[[0;32m  OK  [0m] Stopped Initial cloud-init job (metadata service crawler).
         Stopping Raise network interfaces...
         Stopping Load/Save Random Seed...
[[0;32m  OK  [0m] Stopped target Encrypted Volumes.
[[0;32m  OK  [0m] Stopped target Slices.
[[0;32m  OK  [0m] Removed slice User and Session Slice.
[[0;32m  OK  [0m] Stopped Load/Save Random Seed.
[[0;32m  OK  [0m] Stopped Update UTMP about System Boot/Shutdown.
[[0;32m  OK  [0m] Stopped Create Volatile Files and Directories.
[[0;32m  OK  [0m] Stopped Raise network interfaces.
[[0;32m  OK  [0m] Stopped Apply Kernel Variables.
[[0;32m  OK  [0m] Stopped target Network (Pre).
[[0;32m  OK  [0m] Stopped Initial cloud-init job (pre-networking).
[[0;32m  OK  [0m] Stopped target Local File Systems.
         Unmounting /vagrant...
         Unmounting /run/user/1000...
[[0;32m  OK  [0m] Stopped Load Kernel Modules.
[[0;32m  OK  [0m] Unmounted /vagrant.
[[0;32m  OK  [0m] Unmounted /run/user/1000.
[[0;32m  OK  [0m] Reached target Unmount All Filesystems.
[[0;32m  OK  [0m] Stopped target Local File Systems (Pre).
[[0;32m  OK  [0m] Stopped Create Static Device Nodes in /dev.
[[0;32m  OK  [0m] Stopped Remount Root and Kernel File Systems.
[[0;32m  OK  [0m] Reached target Shutdown.
[ 2403.013040] reboot: Power down
